<?xml version="1.0" encoding="UTF-8"?>
<!-- Generated by org.testng.reporters.JUnitXMLReporter -->
<testsuite ignored="0" hostname="DESKTOP-5EVK54D" failures="0" tests="2" name="Default test" time="6.01" errors="0" timestamp="2023-07-13T08:31:35 IST">
  <testcase classname="com.spotify.tests.CreateAndGetPlayListUsingReusableCalls" name="createPlayList" time="5.557"/>
  <testcase classname="com.spotify.tests.CreateAndGetPlayListUsingReusableCalls" name="getAPlayList" time="0.338"/>
</testsuite> <!-- Default test -->
