<?xml version="1.0" encoding="UTF-8"?>
<!-- Generated by org.testng.reporters.JUnitXMLReporter -->
<testsuite ignored="0" hostname="DESKTOP-5EVK54D" failures="0" tests="4" name="Default test" time="8.508" errors="0" timestamp="2023-07-14T08:11:57 IST">
  <testcase classname="com.spotify.tests.CreateAndGetPlayListUsingReusableCalls" name="createPlayList" time="6.994"/>
  <testcase classname="com.spotify.tests.CreateAndGetPlayListUsingReusableCalls" name="getAPlayList" time="0.608"/>
  <testcase classname="com.spotify.tests.CreateAndGetPlayListUsingReusableCalls" name="changeUserPlaylist" time="0.596"/>
  <testcase classname="com.spotify.tests.CreateAndGetPlayListUsingReusableCalls" name="shouldNotBeAbleToCreatePlaylist" time="0.205"/>
</testsuite> <!-- Default test -->
