<?xml version="1.0" encoding="UTF-8"?>
<testng-results ignored="0" total="1" passed="1" failed="0" skipped="0">
  <reporter-output>
  </reporter-output>
  <suite started-at="2023-06-30T08:37:48 IST" name="Default suite" finished-at="2023-06-30T08:37:53 IST" duration-ms="4529">
    <groups>
    </groups>
    <test started-at="2023-06-30T08:37:48 IST" name="Default test" finished-at="2023-06-30T08:37:53 IST" duration-ms="4529">
      <class name="pathandqueryparam.QueryParameter">
        <test-method signature="getAllUsers()[pri:0, instance:pathandqueryparam.QueryParameter@169e6180]" started-at="2023-06-30T08:37:49 IST" name="getAllUsers" finished-at="2023-06-30T08:37:53 IST" duration-ms="4432" status="PASS">
          <reporter-output>
          </reporter-output>
        </test-method> <!-- getAllUsers -->
      </class> <!-- pathandqueryparam.QueryParameter -->
    </test> <!-- Default test -->
  </suite> <!-- Default suite -->
</testng-results>
