<?xml version="1.0" encoding="UTF-8"?>
<testng-results ignored="1" total="2" passed="1" failed="0" skipped="0">
  <reporter-output>
  </reporter-output>
  <suite started-at="2023-07-11T08:26:06 IST" name="Default suite" finished-at="2023-07-11T08:26:10 IST" duration-ms="4588">
    <groups>
    </groups>
    <test started-at="2023-07-11T08:26:06 IST" name="Default test" finished-at="2023-07-11T08:26:10 IST" duration-ms="4588">
      <class name="spotifyapi.NegativeScenarios">
        <test-method is-config="true" signature="reqResSpec()[pri:0, instance:spotifyapi.NegativeScenarios@6404f418]" started-at="2023-07-11T08:26:06 IST" name="reqResSpec" finished-at="2023-07-11T08:26:07 IST" duration-ms="1335" status="PASS">
          <reporter-output>
          </reporter-output>
        </test-method> <!-- reqResSpec -->
        <test-method signature="shouldNotBeAuthorized()[pri:2, instance:spotifyapi.NegativeScenarios@6404f418]" started-at="2023-07-11T08:26:07 IST" name="shouldNotBeAuthorized" finished-at="2023-07-11T08:26:10 IST" duration-ms="3146" status="PASS">
          <reporter-output>
          </reporter-output>
        </test-method> <!-- shouldNotBeAuthorized -->
      </class> <!-- spotifyapi.NegativeScenarios -->
    </test> <!-- Default test -->
  </suite> <!-- Default suite -->
</testng-results>
